android/app/build/intermediates/manifest_merge_blame_file/debug/manifest-merger-blame-debug-report.txt
1<?xml version="1.0" encoding="utf-8"?>
2<manifest xmlns:android="http://schemas.android.com/apk/res/android"
3    package="com.been"
4    android:versionCode="1"
5    android:versionName="1.0" >
6
7    <uses-sdk
8        android:minSdkVersion="21"
9        android:targetSdkVersion="30" />
10
11    <uses-permission android:name="android.permission.SYSTEM_ALERT_WINDOW" />
11-->src\debug\AndroidManifest.xml:5:5-77
11-->src\debug\AndroidManifest.xml:5:22-75
12    <uses-permission android:name="android.permission.INTERNET" />
12-->src\main\AndroidManifest.xml:4:3-65
12-->src\main\AndroidManifest.xml:4:20-62
13    <uses-permission android:name="android.permission.RECEIVE_BOOT_COMPLETED" />
13-->src\main\AndroidManifest.xml:5:3-79
13-->src\main\AndroidManifest.xml:5:20-76
14    <uses-permission android:name="android.permission.VIBRATE" />
14-->src\main\AndroidManifest.xml:6:3-64
14-->src\main\AndroidManifest.xml:6:20-61
15    <uses-permission android:name="android.permission.WRITE_EXTERNAL_STORAGE" />
15-->src\main\AndroidManifest.xml:7:3-79
15-->src\main\AndroidManifest.xml:7:20-76
16    <uses-permission android:name="android.permission.READ_EXTERNAL_STORAGE" />
16-->src\main\AndroidManifest.xml:8:3-78
16-->src\main\AndroidManifest.xml:8:20-75
17    <uses-permission android:name="android.permission.CAMERA" />
17-->src\main\AndroidManifest.xml:10:3-63
17-->src\main\AndroidManifest.xml:10:20-60
18    <!--
19 <uses-permission android:name="android.permission.MODIFY_AUDIO_SETTINGS" />
20  <uses-permission android:name="android.permission.RECORD_AUDIO" />
21    -->
22    <uses-permission android:name="android.permission.ACCESS_WIFI_STATE" />
22-->src\main\AndroidManifest.xml:14:3-74
22-->src\main\AndroidManifest.xml:14:20-71
23
24    <uses-feature android:name="android.hardware.camera" />
24-->src\main\AndroidManifest.xml:15:3-58
24-->src\main\AndroidManifest.xml:15:17-55
25
26    <uses-permission android:name="android.permission.WAKE_LOCK" />
26-->[:react-native-firebase_messaging] AndroidManifest.xml:10:5-68
26-->[:react-native-firebase_messaging] AndroidManifest.xml:10:22-65
27    <uses-permission android:name="android.permission.ACCESS_NETWORK_STATE" />
27-->[:react-native-firebase_messaging] AndroidManifest.xml:11:5-79
27-->[:react-native-firebase_messaging] AndroidManifest.xml:11:22-76
28    <uses-permission android:name="android.permission.FOREGROUND_SERVICE" />
28-->[:quickblox-react-native-sdk] AndroidManifest.xml:9:5-77
28-->[:quickblox-react-native-sdk] AndroidManifest.xml:9:22-74
29
30    <uses-feature
30-->[:react-native-camera] AndroidManifest.xml:14:5-16:36
31        android:name="android.hardware.camera.autofocus"
31-->[:react-native-camera] AndroidManifest.xml:15:9-57
32        android:required="false" />
32-->[:react-native-camera] AndroidManifest.xml:16:9-33
33
34    <uses-permission android:name="android.permission.ACCESS_COARSE_LOCATION" /> <!-- Required to access Google Play Licensing -->
34-->[:react-native-maps] AndroidManifest.xml:10:5-81
34-->[:react-native-maps] AndroidManifest.xml:10:22-78
35    <uses-permission android:name="com.android.vending.CHECK_LICENSE" /> <!-- Android package visibility setting -->
35-->[:rn-fetch-blob] AndroidManifest.xml:10:5-73
35-->[:rn-fetch-blob] AndroidManifest.xml:10:22-70
36    <queries>
36-->[com.google.android.gms:play-services-ads-lite:19.8.0] AndroidManifest.xml:27:5-43:15
37
38        <!-- For browser content -->
39        <intent>
39-->[com.google.android.gms:play-services-ads-lite:19.8.0] AndroidManifest.xml:30:9-36:18
40            <action android:name="android.intent.action.VIEW" />
40-->src\main\AndroidManifest.xml:43:9-61
40-->src\main\AndroidManifest.xml:43:17-58
41
42            <category android:name="android.intent.category.BROWSABLE" />
42-->src\main\AndroidManifest.xml:45:9-70
42-->src\main\AndroidManifest.xml:45:19-67
43
44            <data android:scheme="https" />
44-->src\main\AndroidManifest.xml:47:9-41
44-->src\main\AndroidManifest.xml:47:15-38
45        </intent>
46        <!-- End of browser content -->
47        <!-- For CustomTabsService -->
48        <intent>
48-->[com.google.android.gms:play-services-ads-lite:19.8.0] AndroidManifest.xml:39:9-41:18
49            <action android:name="android.support.customtabs.action.CustomTabsService" />
49-->[com.google.android.gms:play-services-ads-lite:19.8.0] AndroidManifest.xml:40:13-90
49-->[com.google.android.gms:play-services-ads-lite:19.8.0] AndroidManifest.xml:40:21-87
50        </intent>
51        <!-- End of CustomTabsService -->
52        <package android:name="com.facebook.katana" />
52-->[com.facebook.android:audience-network-sdk:6.8.0] AndroidManifest.xml:12:9-55
52-->[com.facebook.android:audience-network-sdk:6.8.0] AndroidManifest.xml:12:18-52
53    </queries>
54
55    <uses-feature
55-->[com.google.android.gms:play-services-maps:17.0.0] AndroidManifest.xml:26:5-28:35
56        android:glEsVersion="0x00020000"
56-->[com.google.android.gms:play-services-maps:17.0.0] AndroidManifest.xml:27:9-41
57        android:required="true" /> <!-- Required by older versions of Google Play services to create GCM registration tokens -->
57-->[com.google.android.gms:play-services-maps:17.0.0] AndroidManifest.xml:28:9-32
58    <uses-permission android:name="com.google.android.c2dm.permission.RECEIVE" />
58-->[com.google.android.gms:play-services-gcm:16.0.0] AndroidManifest.xml:23:5-82
58-->[com.google.android.gms:play-services-gcm:16.0.0] AndroidManifest.xml:23:22-79
59    <uses-permission android:name="com.google.android.finsky.permission.BIND_GET_INSTALL_REFERRER_SERVICE" />
59-->[com.android.installreferrer:installreferrer:1.1.2] AndroidManifest.xml:9:5-110
59-->[com.android.installreferrer:installreferrer:1.1.2] AndroidManifest.xml:9:22-107
60
61    <application
61-->src\main\AndroidManifest.xml:17:5-60:19
62        android:name="com.been.MainApplication"
62-->src\main\AndroidManifest.xml:18:7-38
63        android:allowBackup="false"
63-->src\main\AndroidManifest.xml:23:7-34
64        android:appComponentFactory="androidx.core.app.CoreComponentFactory"
64-->[androidx.core:core:1.6.0] AndroidManifest.xml:24:18-86
65        android:debuggable="true"
66        android:icon="@mipmap/ic_launcher"
66-->src\main\AndroidManifest.xml:20:7-41
67        android:label="@string/app_name"
67-->src\main\AndroidManifest.xml:19:7-39
68        android:requestLegacyExternalStorage="true"
68-->src\main\AndroidManifest.xml:26:7-50
69        android:resizeableActivity="false"
69-->src\main\AndroidManifest.xml:25:7-41
70        android:roundIcon="@mipmap/ic_launcher_round"
70-->src\main\AndroidManifest.xml:22:7-52
71        android:theme="@style/AppTheme"
71-->src\main\AndroidManifest.xml:24:7-38
72        android:usesCleartextTraffic="true" >
72-->src\main\AndroidManifest.xml:21:7-42
73        <activity android:name="com.facebook.react.devsupport.DevSettingsActivity" />
73-->src\main\AndroidManifest.xml:51:7-84
73-->src\main\AndroidManifest.xml:51:17-81
74        <activity
74-->src\main\AndroidManifest.xml:29:7-50:18
75            android:name="com.been.MainActivity"
75-->src\main\AndroidManifest.xml:30:9-37
76            android:configChanges="keyboard|keyboardHidden|orientation|screenSize|uiMode"
76-->src\main\AndroidManifest.xml:32:9-86
77            android:label="@string/app_name"
77-->src\main\AndroidManifest.xml:31:9-41
78            android:launchMode="singleTask"
78-->src\main\AndroidManifest.xml:33:9-40
79            android:screenOrientation="portrait"
79-->src\main\AndroidManifest.xml:35:9-45
80            android:windowSoftInputMode="adjustResize" >
80-->src\main\AndroidManifest.xml:34:9-51
81            <intent-filter>
81-->src\main\AndroidManifest.xml:36:9-40:25
82                <action android:name="android.intent.action.MAIN" />
82-->src\main\AndroidManifest.xml:37:13-65
82-->src\main\AndroidManifest.xml:37:21-62
83
84                <category android:name="android.intent.category.LAUNCHER" />
84-->src\main\AndroidManifest.xml:38:13-73
84-->src\main\AndroidManifest.xml:38:23-70
85
86                <action android:name="android.intent.action.DOWNLOAD_COMPLETE" />
86-->src\main\AndroidManifest.xml:39:14-78
86-->src\main\AndroidManifest.xml:39:22-76
87            </intent-filter>
88            <intent-filter>
88-->src\main\AndroidManifest.xml:42:9-48:23
89                <action android:name="android.intent.action.VIEW" />
89-->src\main\AndroidManifest.xml:43:9-61
89-->src\main\AndroidManifest.xml:43:17-58
90
91                <category android:name="android.intent.category.DEFAULT" />
91-->src\main\AndroidManifest.xml:44:9-68
91-->src\main\AndroidManifest.xml:44:19-65
92                <category android:name="android.intent.category.BROWSABLE" />
92-->src\main\AndroidManifest.xml:45:9-70
92-->src\main\AndroidManifest.xml:45:19-67
93
94                <action android:name="android.intent.action.DOWNLOAD_COMPLETE" />
94-->src\main\AndroidManifest.xml:39:14-78
94-->src\main\AndroidManifest.xml:39:22-76
95
96                <data android:scheme="mychat" />
96-->src\main\AndroidManifest.xml:47:9-41
96-->src\main\AndroidManifest.xml:47:15-38
97            </intent-filter>
98        </activity>
99
100        <meta-data
100-->src\main\AndroidManifest.xml:52:7-122
101            android:name="com.google.android.geo.API_KEY"
101-->src\main\AndroidManifest.xml:52:18-63
102            android:value="AIzaSyCXVvJdM336OtlEKVnnntNkk7zCIFE6ifQ" />
102-->src\main\AndroidManifest.xml:52:64-119
103        <meta-data
103-->src\main\AndroidManifest.xml:53:7-131
104            android:name="com.google.android.gms.ads.APPLICATION_ID"
104-->src\main\AndroidManifest.xml:53:18-74
105            android:value="ca-app-pub-3940256099942544~3347511713" />
105-->src\main\AndroidManifest.xml:53:75-129
106
107        <service android:name="io.invertase.firebase.messaging.ReactNativeFirebaseMessagingHeadlessService" />
107-->[:react-native-firebase_messaging] AndroidManifest.xml:14:9-111
107-->[:react-native-firebase_messaging] AndroidManifest.xml:14:18-108
108        <service
108-->[:react-native-firebase_messaging] AndroidManifest.xml:15:9-21:19
109            android:name="io.invertase.firebase.messaging.ReactNativeFirebaseMessagingService"
109-->[:react-native-firebase_messaging] AndroidManifest.xml:16:13-95
110            android:exported="false" >
110-->[:react-native-firebase_messaging] AndroidManifest.xml:17:13-37
111            <intent-filter>
111-->[:react-native-firebase_messaging] AndroidManifest.xml:18:13-20:29
112                <action android:name="com.google.firebase.MESSAGING_EVENT" />
112-->[:react-native-firebase_messaging] AndroidManifest.xml:19:17-78
112-->[:react-native-firebase_messaging] AndroidManifest.xml:19:25-75
113            </intent-filter>
114        </service>
115
116        <receiver
116-->[:react-native-firebase_messaging] AndroidManifest.xml:23:9-30:20
117            android:name="io.invertase.firebase.messaging.ReactNativeFirebaseMessagingReceiver"
117-->[:react-native-firebase_messaging] AndroidManifest.xml:24:13-96
118            android:exported="true"
118-->[:react-native-firebase_messaging] AndroidManifest.xml:25:13-36
119            android:permission="com.google.android.c2dm.permission.SEND" >
119-->[:react-native-firebase_messaging] AndroidManifest.xml:26:13-73
120            <intent-filter>
120-->[:react-native-firebase_messaging] AndroidManifest.xml:27:13-29:29
121                <action android:name="com.google.android.c2dm.intent.RECEIVE" />
121-->[:react-native-firebase_messaging] AndroidManifest.xml:28:17-81
121-->[:react-native-firebase_messaging] AndroidManifest.xml:28:25-78
122            </intent-filter>
123        </receiver>
124
125        <meta-data
125-->[:react-native-firebase_messaging] AndroidManifest.xml:32:9-34:36
126            android:name="firebase_messaging_auto_init_enabled"
126-->[:react-native-firebase_messaging] AndroidManifest.xml:33:13-64
127            android:value="true" />
127-->[:react-native-firebase_messaging] AndroidManifest.xml:34:13-33
128        <meta-data
128-->[:react-native-firebase_messaging] AndroidManifest.xml:35:9-37:32
129            android:name="com.google.firebase.messaging.default_notification_channel_id"
129-->[:react-native-firebase_messaging] AndroidManifest.xml:36:13-89
130            android:value="" />
130-->[:react-native-firebase_messaging] AndroidManifest.xml:37:13-29
131        <meta-data
131-->[:react-native-firebase_messaging] AndroidManifest.xml:38:9-40:47
132            android:name="com.google.firebase.messaging.default_notification_color"
132-->[:react-native-firebase_messaging] AndroidManifest.xml:39:13-84
133            android:resource="@color/white" />
133-->[:react-native-firebase_messaging] AndroidManifest.xml:40:13-44
134
135        <service android:name="com.quickblox.reactnative.webrtc.WebRTCCallService" />
135-->[:quickblox-react-native-sdk] AndroidManifest.xml:12:9-86
135-->[:quickblox-react-native-sdk] AndroidManifest.xml:12:18-83
136
137        <provider
137-->[:react-native-image-picker] AndroidManifest.xml:10:9-18:20
138            android:name="com.imagepicker.FileProvider"
138-->[:react-native-image-picker] AndroidManifest.xml:11:13-56
139            android:authorities="com.been.provider"
139-->[:react-native-image-picker] AndroidManifest.xml:12:13-60
140            android:exported="false"
140-->[:react-native-image-picker] AndroidManifest.xml:13:13-37
141            android:grantUriPermissions="true" >
141-->[:react-native-image-picker] AndroidManifest.xml:14:13-47
142            <meta-data
142-->[:react-native-image-picker] AndroidManifest.xml:15:13-17:58
143                android:name="android.support.FILE_PROVIDER_PATHS"
143-->[:react-native-image-picker] AndroidManifest.xml:16:17-67
144                android:resource="@xml/provider_paths" />
144-->[:react-native-image-picker] AndroidManifest.xml:17:17-55
145        </provider>
146        <provider
146-->[:react-native-webview] AndroidManifest.xml:10:9-18:20
147            android:name="com.reactnativecommunity.webview.RNCWebViewFileProvider"
147-->[:react-native-webview] AndroidManifest.xml:11:13-83
148            android:authorities="com.been.fileprovider"
148-->[:react-native-webview] AndroidManifest.xml:12:13-64
149            android:exported="false"
149-->[:react-native-webview] AndroidManifest.xml:13:13-37
150            android:grantUriPermissions="true" >
150-->[:react-native-webview] AndroidManifest.xml:14:13-47
151            <meta-data
151-->[:react-native-image-picker] AndroidManifest.xml:15:13-17:58
152                android:name="android.support.FILE_PROVIDER_PATHS"
152-->[:react-native-image-picker] AndroidManifest.xml:16:17-67
153                android:resource="@xml/file_provider_paths" />
153-->[:react-native-image-picker] AndroidManifest.xml:17:17-55
154        </provider>
155        <provider
155-->[:rn-fetch-blob] AndroidManifest.xml:34:9-42:20
156            android:name="com.RNFetchBlob.Utils.FileProvider"
156-->[:rn-fetch-blob] AndroidManifest.xml:35:13-62
157            android:authorities="com.been.provider"
157-->[:rn-fetch-blob] AndroidManifest.xml:36:13-60
158            android:exported="false"
158-->[:rn-fetch-blob] AndroidManifest.xml:37:13-37
159            android:grantUriPermissions="true" >
159-->[:rn-fetch-blob] AndroidManifest.xml:38:13-47
160            <meta-data
160-->[:react-native-image-picker] AndroidManifest.xml:15:13-17:58
161                android:name="android.support.FILE_PROVIDER_PATHS"
161-->[:react-native-image-picker] AndroidManifest.xml:16:17-67
162                android:resource="@xml/provider_paths" />
162-->[:react-native-image-picker] AndroidManifest.xml:17:17-55
163        </provider>
164
165        <service
165-->[com.quickblox:quickblox-android-sdk-messages:3.9.10] AndroidManifest.xml:11:9-18:19
166            android:name="com.quickblox.messages.services.SubscribeTaskManager"
166-->[com.quickblox:quickblox-android-sdk-messages:3.9.10] AndroidManifest.xml:12:13-80
167            android:exported="true"
167-->[com.quickblox:quickblox-android-sdk-messages:3.9.10] AndroidManifest.xml:13:13-36
168            android:permission="com.google.android.gms.permission.BIND_NETWORK_TASK_SERVICE" >
168-->[com.quickblox:quickblox-android-sdk-messages:3.9.10] AndroidManifest.xml:14:13-93
169            <intent-filter>
169-->[com.quickblox:quickblox-android-sdk-messages:3.9.10] AndroidManifest.xml:15:13-17:29
170                <action android:name="com.google.android.gms.gcm.ACTION_TASK_READY" />
170-->[com.quickblox:quickblox-android-sdk-messages:3.9.10] AndroidManifest.xml:16:17-87
170-->[com.quickblox:quickblox-android-sdk-messages:3.9.10] AndroidManifest.xml:16:25-84
171            </intent-filter>
172        </service>
173        <service
173-->[com.quickblox:quickblox-android-sdk-messages:3.9.10] AndroidManifest.xml:19:9-23:19
174            android:name="com.quickblox.messages.services.SubscribeService"
174-->[com.quickblox:quickblox-android-sdk-messages:3.9.10] AndroidManifest.xml:20:13-76
175            android:exported="false"
175-->[com.quickblox:quickblox-android-sdk-messages:3.9.10] AndroidManifest.xml:21:13-37
176            android:permission="android.permission.BIND_JOB_SERVICE" >
176-->[com.quickblox:quickblox-android-sdk-messages:3.9.10] AndroidManifest.xml:22:13-69
177        </service> <!-- Include the AdActivity and InAppPurchaseActivity configChanges and themes. -->
178        <activity
178-->[com.google.android.gms:play-services-ads-lite:19.8.0] AndroidManifest.xml:48:9-52:64
179            android:name="com.google.android.gms.ads.AdActivity"
179-->[com.google.android.gms:play-services-ads-lite:19.8.0] AndroidManifest.xml:49:13-65
180            android:configChanges="keyboard|keyboardHidden|orientation|screenLayout|uiMode|screenSize|smallestScreenSize"
180-->[com.google.android.gms:play-services-ads-lite:19.8.0] AndroidManifest.xml:50:13-122
181            android:exported="false"
181-->[com.google.android.gms:play-services-ads-lite:19.8.0] AndroidManifest.xml:51:13-37
182            android:theme="@android:style/Theme.Translucent" />
182-->[com.google.android.gms:play-services-ads-lite:19.8.0] AndroidManifest.xml:52:13-61
183
184        <provider
184-->[com.google.android.gms:play-services-ads-lite:19.8.0] AndroidManifest.xml:54:9-58:39
185            android:name="com.google.android.gms.ads.MobileAdsInitProvider"
185-->[com.google.android.gms:play-services-ads-lite:19.8.0] AndroidManifest.xml:55:13-76
186            android:authorities="com.been.mobileadsinitprovider"
186-->[com.google.android.gms:play-services-ads-lite:19.8.0] AndroidManifest.xml:56:13-73
187            android:exported="false"
187-->[com.google.android.gms:play-services-ads-lite:19.8.0] AndroidManifest.xml:57:13-37
188            android:initOrder="100" />
188-->[com.google.android.gms:play-services-ads-lite:19.8.0] AndroidManifest.xml:58:13-36
189
190        <service
190-->[com.google.android.gms:play-services-ads-lite:19.8.0] AndroidManifest.xml:60:9-63:40
191            android:name="com.google.android.gms.ads.AdService"
191-->[com.google.android.gms:play-services-ads-lite:19.8.0] AndroidManifest.xml:61:13-64
192            android:enabled="true"
192-->[com.google.android.gms:play-services-ads-lite:19.8.0] AndroidManifest.xml:62:13-35
193            android:exported="false" />
193-->[com.google.android.gms:play-services-ads-lite:19.8.0] AndroidManifest.xml:63:13-37
194
195        <provider
195-->[androidx.work:work-runtime:2.1.0] AndroidManifest.xml:30:9-36:35
196            android:name="androidx.work.impl.WorkManagerInitializer"
196-->[androidx.work:work-runtime:2.1.0] AndroidManifest.xml:31:13-69
197            android:authorities="com.been.workmanager-init"
197-->[androidx.work:work-runtime:2.1.0] AndroidManifest.xml:32:13-68
198            android:directBootAware="false"
198-->[androidx.work:work-runtime:2.1.0] AndroidManifest.xml:33:13-44
199            android:exported="false"
199-->[androidx.work:work-runtime:2.1.0] AndroidManifest.xml:34:13-37
200            android:multiprocess="true" />
200-->[androidx.work:work-runtime:2.1.0] AndroidManifest.xml:35:13-40
201
202        <service
202-->[androidx.work:work-runtime:2.1.0] AndroidManifest.xml:38:9-43:35
203            android:name="androidx.work.impl.background.systemalarm.SystemAlarmService"
203-->[androidx.work:work-runtime:2.1.0] AndroidManifest.xml:39:13-88
204            android:directBootAware="false"
204-->[androidx.work:work-runtime:2.1.0] AndroidManifest.xml:40:13-44
205            android:enabled="@bool/enable_system_alarm_service_default"
205-->[androidx.work:work-runtime:2.1.0] AndroidManifest.xml:41:13-72
206            android:exported="false" />
206-->[androidx.work:work-runtime:2.1.0] AndroidManifest.xml:42:13-37
207        <service
207-->[androidx.work:work-runtime:2.1.0] AndroidManifest.xml:44:9-50:35
208            android:name="androidx.work.impl.background.systemjob.SystemJobService"
208-->[androidx.work:work-runtime:2.1.0] AndroidManifest.xml:45:13-84
209            android:directBootAware="false"
209-->[androidx.work:work-runtime:2.1.0] AndroidManifest.xml:46:13-44
210            android:enabled="@bool/enable_system_job_service_default"
210-->[androidx.work:work-runtime:2.1.0] AndroidManifest.xml:47:13-70
211            android:exported="true"
211-->[androidx.work:work-runtime:2.1.0] AndroidManifest.xml:48:13-36
212            android:permission="android.permission.BIND_JOB_SERVICE" />
212-->[androidx.work:work-runtime:2.1.0] AndroidManifest.xml:49:13-69
213
214        <receiver
214-->[androidx.work:work-runtime:2.1.0] AndroidManifest.xml:52:9-57:35
215            android:name="androidx.work.impl.utils.ForceStopRunnable$BroadcastReceiver"
215-->[androidx.work:work-runtime:2.1.0] AndroidManifest.xml:53:13-88
216            android:directBootAware="false"
216-->[androidx.work:work-runtime:2.1.0] AndroidManifest.xml:54:13-44
217            android:enabled="true"
217-->[androidx.work:work-runtime:2.1.0] AndroidManifest.xml:55:13-35
218            android:exported="false" />
218-->[androidx.work:work-runtime:2.1.0] AndroidManifest.xml:56:13-37
219        <receiver
219-->[androidx.work:work-runtime:2.1.0] AndroidManifest.xml:58:9-68:20
220            android:name="androidx.work.impl.background.systemalarm.ConstraintProxy$BatteryChargingProxy"
220-->[androidx.work:work-runtime:2.1.0] AndroidManifest.xml:59:13-106
221            android:directBootAware="false"
221-->[androidx.work:work-runtime:2.1.0] AndroidManifest.xml:60:13-44
222            android:enabled="false"
222-->[androidx.work:work-runtime:2.1.0] AndroidManifest.xml:61:13-36
223            android:exported="false" >
223-->[androidx.work:work-runtime:2.1.0] AndroidManifest.xml:62:13-37
224            <intent-filter>
224-->[androidx.work:work-runtime:2.1.0] AndroidManifest.xml:64:13-67:29
225                <action android:name="android.intent.action.ACTION_POWER_CONNECTED" />
225-->[androidx.work:work-runtime:2.1.0] AndroidManifest.xml:65:17-87
225-->[androidx.work:work-runtime:2.1.0] AndroidManifest.xml:65:25-84
226                <action android:name="android.intent.action.ACTION_POWER_DISCONNECTED" />
226-->[androidx.work:work-runtime:2.1.0] AndroidManifest.xml:66:17-90
226-->[androidx.work:work-runtime:2.1.0] AndroidManifest.xml:66:25-87
227            </intent-filter>
228        </receiver>
229        <receiver
229-->[androidx.work:work-runtime:2.1.0] AndroidManifest.xml:69:9-79:20
230            android:name="androidx.work.impl.background.systemalarm.ConstraintProxy$BatteryNotLowProxy"
230-->[androidx.work:work-runtime:2.1.0] AndroidManifest.xml:70:13-104
231            android:directBootAware="false"
231-->[androidx.work:work-runtime:2.1.0] AndroidManifest.xml:71:13-44
232            android:enabled="false"
232-->[androidx.work:work-runtime:2.1.0] AndroidManifest.xml:72:13-36
233            android:exported="false" >
233-->[androidx.work:work-runtime:2.1.0] AndroidManifest.xml:73:13-37
234            <intent-filter>
234-->[androidx.work:work-runtime:2.1.0] AndroidManifest.xml:75:13-78:29
235                <action android:name="android.intent.action.BATTERY_OKAY" />
235-->[androidx.work:work-runtime:2.1.0] AndroidManifest.xml:76:17-77
235-->[androidx.work:work-runtime:2.1.0] AndroidManifest.xml:76:25-74
236                <action android:name="android.intent.action.BATTERY_LOW" />
236-->[androidx.work:work-runtime:2.1.0] AndroidManifest.xml:77:17-76
236-->[androidx.work:work-runtime:2.1.0] AndroidManifest.xml:77:25-73
237            </intent-filter>
238        </receiver>
239        <receiver
239-->[androidx.work:work-runtime:2.1.0] AndroidManifest.xml:80:9-90:20
240            android:name="androidx.work.impl.background.systemalarm.ConstraintProxy$StorageNotLowProxy"
240-->[androidx.work:work-runtime:2.1.0] AndroidManifest.xml:81:13-104
241            android:directBootAware="false"
241-->[androidx.work:work-runtime:2.1.0] AndroidManifest.xml:82:13-44
242            android:enabled="false"
242-->[androidx.work:work-runtime:2.1.0] AndroidManifest.xml:83:13-36
243            android:exported="false" >
243-->[androidx.work:work-runtime:2.1.0] AndroidManifest.xml:84:13-37
244            <intent-filter>
244-->[androidx.work:work-runtime:2.1.0] AndroidManifest.xml:86:13-89:29
245                <action android:name="android.intent.action.DEVICE_STORAGE_LOW" />
245-->[androidx.work:work-runtime:2.1.0] AndroidManifest.xml:87:17-83
245-->[androidx.work:work-runtime:2.1.0] AndroidManifest.xml:87:25-80
246                <action android:name="android.intent.action.DEVICE_STORAGE_OK" />
246-->[androidx.work:work-runtime:2.1.0] AndroidManifest.xml:88:17-82
246-->[androidx.work:work-runtime:2.1.0] AndroidManifest.xml:88:25-79
247            </intent-filter>
248        </receiver>
249        <receiver
249-->[androidx.work:work-runtime:2.1.0] AndroidManifest.xml:91:9-100:20
250            android:name="androidx.work.impl.background.systemalarm.ConstraintProxy$NetworkStateProxy"
250-->[androidx.work:work-runtime:2.1.0] AndroidManifest.xml:92:13-103
251            android:directBootAware="false"
251-->[androidx.work:work-runtime:2.1.0] AndroidManifest.xml:93:13-44
252            android:enabled="false"
252-->[androidx.work:work-runtime:2.1.0] AndroidManifest.xml:94:13-36
253            android:exported="false" >
253-->[androidx.work:work-runtime:2.1.0] AndroidManifest.xml:95:13-37
254            <intent-filter>
254-->[androidx.work:work-runtime:2.1.0] AndroidManifest.xml:97:13-99:29
255                <action android:name="android.net.conn.CONNECTIVITY_CHANGE" />
255-->[androidx.work:work-runtime:2.1.0] AndroidManifest.xml:98:17-79
255-->[androidx.work:work-runtime:2.1.0] AndroidManifest.xml:98:25-76
256            </intent-filter>
257        </receiver>
258        <receiver
258-->[androidx.work:work-runtime:2.1.0] AndroidManifest.xml:101:9-112:20
259            android:name="androidx.work.impl.background.systemalarm.RescheduleReceiver"
259-->[androidx.work:work-runtime:2.1.0] AndroidManifest.xml:102:13-88
260            android:directBootAware="false"
260-->[androidx.work:work-runtime:2.1.0] AndroidManifest.xml:103:13-44
261            android:enabled="false"
261-->[androidx.work:work-runtime:2.1.0] AndroidManifest.xml:104:13-36
262            android:exported="false" >
262-->[androidx.work:work-runtime:2.1.0] AndroidManifest.xml:105:13-37
263            <intent-filter>
263-->[androidx.work:work-runtime:2.1.0] AndroidManifest.xml:107:13-111:29
264                <action android:name="android.intent.action.BOOT_COMPLETED" />
264-->[androidx.work:work-runtime:2.1.0] AndroidManifest.xml:108:17-79
264-->[androidx.work:work-runtime:2.1.0] AndroidManifest.xml:108:25-76
265                <action android:name="android.intent.action.TIME_SET" />
265-->[androidx.work:work-runtime:2.1.0] AndroidManifest.xml:109:17-73
265-->[androidx.work:work-runtime:2.1.0] AndroidManifest.xml:109:25-70
266                <action android:name="android.intent.action.TIMEZONE_CHANGED" />
266-->[androidx.work:work-runtime:2.1.0] AndroidManifest.xml:110:17-81
266-->[androidx.work:work-runtime:2.1.0] AndroidManifest.xml:110:25-78
267            </intent-filter>
268        </receiver>
269        <receiver
269-->[androidx.work:work-runtime:2.1.0] AndroidManifest.xml:113:9-122:20
270            android:name="androidx.work.impl.background.systemalarm.ConstraintProxyUpdateReceiver"
270-->[androidx.work:work-runtime:2.1.0] AndroidManifest.xml:114:13-99
271            android:directBootAware="false"
271-->[androidx.work:work-runtime:2.1.0] AndroidManifest.xml:115:13-44
272            android:enabled="@bool/enable_system_alarm_service_default"
272-->[androidx.work:work-runtime:2.1.0] AndroidManifest.xml:116:13-72
273            android:exported="false" >
273-->[androidx.work:work-runtime:2.1.0] AndroidManifest.xml:117:13-37
274            <intent-filter>
274-->[androidx.work:work-runtime:2.1.0] AndroidManifest.xml:119:13-121:29
275                <action android:name="androidx.work.impl.background.systemalarm.UpdateProxies" />
275-->[androidx.work:work-runtime:2.1.0] AndroidManifest.xml:120:17-98
275-->[androidx.work:work-runtime:2.1.0] AndroidManifest.xml:120:25-95
276            </intent-filter>
277        </receiver>
278
279        <service
279-->[androidx.room:room-runtime:2.1.0] AndroidManifest.xml:25:9-27:40
280            android:name="androidx.room.MultiInstanceInvalidationService"
280-->[androidx.room:room-runtime:2.1.0] AndroidManifest.xml:26:13-74
281            android:exported="false" />
281-->[androidx.room:room-runtime:2.1.0] AndroidManifest.xml:27:13-37
282        <service
282-->[com.google.android.gms:play-services-mlkit-barcode-scanning:16.2.0] AndroidManifest.xml:9:9-15:19
283            android:name="com.google.mlkit.common.internal.MlKitComponentDiscoveryService"
283-->[com.google.android.gms:play-services-mlkit-barcode-scanning:16.2.0] AndroidManifest.xml:10:13-91